<?xml version="1.0" encoding="UTF-8"?>
<!-- Generated by org.testng.reporters.JUnitReportReporter -->
<testsuite hostname="SUBBIAH440G9" failures="0" tests="1" name="testcases.ChromeTest2" time="18.116" errors="0" timestamp="2025-08-18T21:34:35 IST" skipped="0">
  <testcase classname="testcases.ChromeTest2" name="test" time="18.116"/>
  <system-out/>
</testsuite> <!-- testcases.ChromeTest2 -->
