<?xml version="1.0" encoding="UTF-8"?>
<!-- Generated by org.testng.reporters.JUnitReportReporter -->
<testsuite hostname="SUBBIAH440G9" failures="0" tests="1" name="testcases.homePageTC2" time="40.843" errors="0" timestamp="2025-08-13T20:19:12 IST" skipped="0">
  <testcase classname="testcases.homePageTC2" name="tc001_Login" time="40.843"/>
  <system-out/>
</testsuite> <!-- testcases.homePageTC2 -->
