<?xml version="1.0" encoding="UTF-8"?>
<!-- Generated by org.testng.reporters.JUnitReportReporter -->
<testsuite hostname="SUBBIAH440G9" failures="0" tests="1" name="testcases.ChromeTest1" time="202.303" errors="0" timestamp="2025-08-11T17:04:22 IST" skipped="0">
  <testcase classname="testcases.ChromeTest1" name="test" time="202.303"/>
  <system-out/>
</testsuite> <!-- testcases.ChromeTest1 -->
