<?xml version="1.0" encoding="UTF-8"?>
<!-- Generated by org.testng.reporters.JUnitReportReporter -->
<testsuite hostname="SUBBIAH440G9" failures="0" tests="1" name="testcases.ChromeTest1" time="23.732" errors="0" timestamp="2025-08-18T21:34:35 IST" skipped="0">
  <testcase classname="testcases.ChromeTest1" name="test" time="23.732"/>
  <system-out/>
</testsuite> <!-- testcases.ChromeTest1 -->
