<?xml version="1.0" encoding="UTF-8"?>
<!-- Generated by org.testng.reporters.JUnitReportReporter -->
<testsuite hostname="SUBBIAH440G9" failures="0" tests="1" name="testcases.ChromeTest2" time="192.628" errors="0" timestamp="2025-08-18T20:56:45 IST" skipped="0">
  <testcase classname="testcases.ChromeTest2" name="test" time="192.628"/>
  <system-out/>
</testsuite> <!-- testcases.ChromeTest2 -->
